mode: set
git.kernel.fun/chapati.systems/covpeek/pkg/models/coverage.go:34.42,38.2 1 1
git.kernel.fun/chapati.systems/covpeek/pkg/models/coverage.go:41.52,43.2 1 1
git.kernel.fun/chapati.systems/covpeek/pkg/models/coverage.go:46.65,48.2 1 1
git.kernel.fun/chapati.systems/covpeek/pkg/models/coverage.go:51.108,52.29 1 1
git.kernel.fun/chapati.systems/covpeek/pkg/models/coverage.go:52.29,55.3 2 1
git.kernel.fun/chapati.systems/covpeek/pkg/models/coverage.go:56.2,56.20 1 1
git.kernel.fun/chapati.systems/covpeek/pkg/models/coverage.go:56.20,58.3 1 1
git.kernel.fun/chapati.systems/covpeek/pkg/models/coverage.go:59.2,59.8 1 1
git.kernel.fun/chapati.systems/covpeek/pkg/models/coverage.go:63.45,64.23 1 1
git.kernel.fun/chapati.systems/covpeek/pkg/models/coverage.go:64.23,66.3 1 1
git.kernel.fun/chapati.systems/covpeek/pkg/parser/gocover.go:21.40,25.2 1 1
git.kernel.fun/chapati.systems/covpeek/pkg/parser/gocover.go:30.81,36.21 4 1
git.kernel.fun/chapati.systems/covpeek/pkg/parser/gocover.go:36.21,38.3 1 0
git.kernel.fun/chapati.systems/covpeek/pkg/parser/gocover.go:40.2,42.44 3 1
git.kernel.fun/chapati.systems/covpeek/pkg/parser/gocover.go:42.44,44.3 1 1
git.kernel.fun/chapati.systems/covpeek/pkg/parser/gocover.go:46.2,47.64 2 1
git.kernel.fun/chapati.systems/covpeek/pkg/parser/gocover.go:47.64,49.3 1 0
git.kernel.fun/chapati.systems/covpeek/pkg/parser/gocover.go:52.2,52.21 1 1
git.kernel.fun/chapati.systems/covpeek/pkg/parser/gocover.go:52.21,57.17 3 1
git.kernel.fun/chapati.systems/covpeek/pkg/parser/gocover.go:57.17,58.12 1 0
git.kernel.fun/chapati.systems/covpeek/pkg/parser/gocover.go:61.3,61.72 1 1
git.kernel.fun/chapati.systems/covpeek/pkg/parser/gocover.go:61.72,63.12 2 1
git.kernel.fun/chapati.systems/covpeek/pkg/parser/gocover.go:67.2,67.38 1 1
git.kernel.fun/chapati.systems/covpeek/pkg/parser/gocover.go:67.38,69.3 1 0
git.kernel.fun/chapati.systems/covpeek/pkg/parser/gocover.go:72.2,72.36 1 1
git.kernel.fun/chapati.systems/covpeek/pkg/parser/gocover.go:72.36,74.3 1 1
git.kernel.fun/chapati.systems/covpeek/pkg/parser/gocover.go:77.2,77.37 1 1
git.kernel.fun/chapati.systems/covpeek/pkg/parser/gocover.go:77.37,79.3 1 1
git.kernel.fun/chapati.systems/covpeek/pkg/parser/gocover.go:81.2,81.20 1 1
git.kernel.fun/chapati.systems/covpeek/pkg/parser/gocover.go:86.107,89.20 2 1
git.kernel.fun/chapati.systems/covpeek/pkg/parser/gocover.go:89.20,91.3 1 0
git.kernel.fun/chapati.systems/covpeek/pkg/parser/gocover.go:93.2,98.21 4 1
git.kernel.fun/chapati.systems/covpeek/pkg/parser/gocover.go:98.21,100.3 1 1
git.kernel.fun/chapati.systems/covpeek/pkg/parser/gocover.go:103.2,105.26 3 1
git.kernel.fun/chapati.systems/covpeek/pkg/parser/gocover.go:105.26,107.3 1 0
git.kernel.fun/chapati.systems/covpeek/pkg/parser/gocover.go:109.2,110.26 2 1
git.kernel.fun/chapati.systems/covpeek/pkg/parser/gocover.go:110.26,112.3 1 0
git.kernel.fun/chapati.systems/covpeek/pkg/parser/gocover.go:114.2,115.24 2 1
git.kernel.fun/chapati.systems/covpeek/pkg/parser/gocover.go:115.24,117.3 1 0
git.kernel.fun/chapati.systems/covpeek/pkg/parser/gocover.go:119.2,120.16 2 1
git.kernel.fun/chapati.systems/covpeek/pkg/parser/gocover.go:120.16,122.3 1 0
git.kernel.fun/chapati.systems/covpeek/pkg/parser/gocover.go:124.2,125.16 2 1
git.kernel.fun/chapati.systems/covpeek/pkg/parser/gocover.go:125.16,127.3 1 0
git.kernel.fun/chapati.systems/covpeek/pkg/parser/gocover.go:130.2,131.16 2 1
git.kernel.fun/chapati.systems/covpeek/pkg/parser/gocover.go:131.16,133.3 1 0
git.kernel.fun/chapati.systems/covpeek/pkg/parser/gocover.go:136.2,137.16 2 1
git.kernel.fun/chapati.systems/covpeek/pkg/parser/gocover.go:137.16,139.3 1 0
git.kernel.fun/chapati.systems/covpeek/pkg/parser/gocover.go:142.2,143.17 2 1
git.kernel.fun/chapati.systems/covpeek/pkg/parser/gocover.go:143.17,150.3 2 1
git.kernel.fun/chapati.systems/covpeek/pkg/parser/gocover.go:153.2,153.55 1 1
git.kernel.fun/chapati.systems/covpeek/pkg/parser/gocover.go:153.55,155.53 1 1
git.kernel.fun/chapati.systems/covpeek/pkg/parser/gocover.go:155.53,157.47 1 1
git.kernel.fun/chapati.systems/covpeek/pkg/parser/gocover.go:157.47,159.5 1 1
git.kernel.fun/chapati.systems/covpeek/pkg/parser/gocover.go:159.10,160.22 1 0
git.kernel.fun/chapati.systems/covpeek/pkg/parser/gocover.go:160.22,162.6 1 0
git.kernel.fun/chapati.systems/covpeek/pkg/parser/gocover.go:164.4,164.33 1 1
git.kernel.fun/chapati.systems/covpeek/pkg/parser/gocover.go:165.9,170.4 1 1
git.kernel.fun/chapati.systems/covpeek/pkg/parser/gocover.go:174.2,174.37 1 1
git.kernel.fun/chapati.systems/covpeek/pkg/parser/gocover.go:174.37,175.33 1 1
git.kernel.fun/chapati.systems/covpeek/pkg/parser/gocover.go:175.33,178.41 2 1
git.kernel.fun/chapati.systems/covpeek/pkg/parser/gocover.go:178.41,179.43 1 1
git.kernel.fun/chapati.systems/covpeek/pkg/parser/gocover.go:179.43,181.11 2 1
git.kernel.fun/chapati.systems/covpeek/pkg/parser/gocover.go:184.4,184.14 1 1
git.kernel.fun/chapati.systems/covpeek/pkg/parser/gocover.go:184.14,186.5 1 0
git.kernel.fun/chapati.systems/covpeek/pkg/parser/gocover.go:191.2,195.37 3 1
git.kernel.fun/chapati.systems/covpeek/pkg/parser/gocover.go:195.37,196.33 1 1
git.kernel.fun/chapati.systems/covpeek/pkg/parser/gocover.go:196.33,198.4 1 1
git.kernel.fun/chapati.systems/covpeek/pkg/parser/gocover.go:200.2,205.12 3 1
git.kernel.fun/chapati.systems/covpeek/pkg/parser/gocover.go:209.65,211.2 1 1
git.kernel.fun/chapati.systems/covpeek/pkg/parser/gocover.go:214.48,216.2 1 1
git.kernel.fun/chapati.systems/covpeek/pkg/parser/gocover.go:219.42,221.2 1 1
git.kernel.fun/chapati.systems/covpeek/pkg/parser/lcov.go:20.34,24.2 1 1
git.kernel.fun/chapati.systems/covpeek/pkg/parser/lcov.go:27.78,34.21 5 1
git.kernel.fun/chapati.systems/covpeek/pkg/parser/lcov.go:34.21,39.17 3 1
git.kernel.fun/chapati.systems/covpeek/pkg/parser/lcov.go:39.17,40.12 1 0
git.kernel.fun/chapati.systems/covpeek/pkg/parser/lcov.go:44.3,44.10 1 1
git.kernel.fun/chapati.systems/covpeek/pkg/parser/lcov.go:45.39,47.53 1 1
git.kernel.fun/chapati.systems/covpeek/pkg/parser/lcov.go:49.39,56.5 2 1
git.kernel.fun/chapati.systems/covpeek/pkg/parser/lcov.go:58.39,60.26 1 1
git.kernel.fun/chapati.systems/covpeek/pkg/parser/lcov.go:60.26,62.13 2 0
git.kernel.fun/chapati.systems/covpeek/pkg/parser/lcov.go:64.4,64.67 1 1
git.kernel.fun/chapati.systems/covpeek/pkg/parser/lcov.go:64.67,66.5 1 1
git.kernel.fun/chapati.systems/covpeek/pkg/parser/lcov.go:68.41,70.26 1 1
git.kernel.fun/chapati.systems/covpeek/pkg/parser/lcov.go:70.26,72.13 2 0
git.kernel.fun/chapati.systems/covpeek/pkg/parser/lcov.go:74.4,74.69 1 1
git.kernel.fun/chapati.systems/covpeek/pkg/parser/lcov.go:74.69,76.5 1 1
git.kernel.fun/chapati.systems/covpeek/pkg/parser/lcov.go:78.40,81.12 1 1
git.kernel.fun/chapati.systems/covpeek/pkg/parser/lcov.go:83.40,86.12 1 1
git.kernel.fun/chapati.systems/covpeek/pkg/parser/lcov.go:88.39,90.26 1 1
git.kernel.fun/chapati.systems/covpeek/pkg/parser/lcov.go:90.26,92.13 2 1
git.kernel.fun/chapati.systems/covpeek/pkg/parser/lcov.go:94.4,94.67 1 1
git.kernel.fun/chapati.systems/covpeek/pkg/parser/lcov.go:94.67,96.5 1 1
git.kernel.fun/chapati.systems/covpeek/pkg/parser/lcov.go:98.39,100.26 1 1
git.kernel.fun/chapati.systems/covpeek/pkg/parser/lcov.go:100.26,102.13 2 0
git.kernel.fun/chapati.systems/covpeek/pkg/parser/lcov.go:104.4,104.67 1 1
git.kernel.fun/chapati.systems/covpeek/pkg/parser/lcov.go:104.67,106.5 1 1
git.kernel.fun/chapati.systems/covpeek/pkg/parser/lcov.go:108.39,110.26 1 1
git.kernel.fun/chapati.systems/covpeek/pkg/parser/lcov.go:110.26,112.13 2 0
git.kernel.fun/chapati.systems/covpeek/pkg/parser/lcov.go:114.4,114.67 1 1
git.kernel.fun/chapati.systems/covpeek/pkg/parser/lcov.go:114.67,116.5 1 1
git.kernel.fun/chapati.systems/covpeek/pkg/parser/lcov.go:118.40,120.12 1 1
git.kernel.fun/chapati.systems/covpeek/pkg/parser/lcov.go:122.40,124.12 1 1
git.kernel.fun/chapati.systems/covpeek/pkg/parser/lcov.go:126.41,128.12 1 1
git.kernel.fun/chapati.systems/covpeek/pkg/parser/lcov.go:130.32,132.26 1 1
git.kernel.fun/chapati.systems/covpeek/pkg/parser/lcov.go:132.26,136.5 3 1
git.kernel.fun/chapati.systems/covpeek/pkg/parser/lcov.go:138.11,140.74 1 1
git.kernel.fun/chapati.systems/covpeek/pkg/parser/lcov.go:144.2,144.38 1 1
git.kernel.fun/chapati.systems/covpeek/pkg/parser/lcov.go:144.38,146.3 1 0
git.kernel.fun/chapati.systems/covpeek/pkg/parser/lcov.go:149.2,149.37 1 1
git.kernel.fun/chapati.systems/covpeek/pkg/parser/lcov.go:149.37,151.3 1 1
git.kernel.fun/chapati.systems/covpeek/pkg/parser/lcov.go:153.2,153.20 1 1
git.kernel.fun/chapati.systems/covpeek/pkg/parser/lcov.go:157.89,160.21 3 1
git.kernel.fun/chapati.systems/covpeek/pkg/parser/lcov.go:160.21,162.3 1 1
git.kernel.fun/chapati.systems/covpeek/pkg/parser/lcov.go:164.2,165.16 2 1
git.kernel.fun/chapati.systems/covpeek/pkg/parser/lcov.go:165.16,167.3 1 0
git.kernel.fun/chapati.systems/covpeek/pkg/parser/lcov.go:169.2,175.12 3 1
git.kernel.fun/chapati.systems/covpeek/pkg/parser/lcov.go:179.91,182.21 3 1
git.kernel.fun/chapati.systems/covpeek/pkg/parser/lcov.go:182.21,184.3 1 0
git.kernel.fun/chapati.systems/covpeek/pkg/parser/lcov.go:186.2,187.16 2 1
git.kernel.fun/chapati.systems/covpeek/pkg/parser/lcov.go:187.16,189.3 1 1
git.kernel.fun/chapati.systems/covpeek/pkg/parser/lcov.go:191.2,194.32 2 1
git.kernel.fun/chapati.systems/covpeek/pkg/parser/lcov.go:194.32,195.45 1 1
git.kernel.fun/chapati.systems/covpeek/pkg/parser/lcov.go:195.45,197.9 2 1
git.kernel.fun/chapati.systems/covpeek/pkg/parser/lcov.go:201.2,201.12 1 1
git.kernel.fun/chapati.systems/covpeek/pkg/parser/lcov.go:205.89,208.20 3 1
git.kernel.fun/chapati.systems/covpeek/pkg/parser/lcov.go:208.20,210.3 1 1
git.kernel.fun/chapati.systems/covpeek/pkg/parser/lcov.go:212.2,213.16 2 1
git.kernel.fun/chapati.systems/covpeek/pkg/parser/lcov.go:213.16,215.3 1 0
git.kernel.fun/chapati.systems/covpeek/pkg/parser/lcov.go:217.2,218.16 2 1
git.kernel.fun/chapati.systems/covpeek/pkg/parser/lcov.go:218.16,220.3 1 0
git.kernel.fun/chapati.systems/covpeek/pkg/parser/lcov.go:222.2,223.20 2 1
git.kernel.fun/chapati.systems/covpeek/pkg/parser/lcov.go:223.20,225.3 1 1
git.kernel.fun/chapati.systems/covpeek/pkg/parser/lcov.go:227.2,233.12 2 1
git.kernel.fun/chapati.systems/covpeek/pkg/parser/lcov.go:237.89,240.16 3 1
git.kernel.fun/chapati.systems/covpeek/pkg/parser/lcov.go:240.16,242.3 1 1
git.kernel.fun/chapati.systems/covpeek/pkg/parser/lcov.go:244.2,245.12 2 1
git.kernel.fun/chapati.systems/covpeek/pkg/parser/lcov.go:249.89,252.16 3 1
git.kernel.fun/chapati.systems/covpeek/pkg/parser/lcov.go:252.16,254.3 1 1
git.kernel.fun/chapati.systems/covpeek/pkg/parser/lcov.go:256.2,257.12 2 1
git.kernel.fun/chapati.systems/covpeek/pkg/parser/lcov.go:261.62,263.2 1 1
git.kernel.fun/chapati.systems/covpeek/pkg/parser/lcov.go:266.45,268.2 1 1
git.kernel.fun/chapati.systems/covpeek/internal/detector/detector.go:22.41,23.11 1 1
git.kernel.fun/chapati.systems/covpeek/internal/detector/detector.go:24.18,25.16 1 1
git.kernel.fun/chapati.systems/covpeek/internal/detector/detector.go:26.21,27.23 1 1
git.kernel.fun/chapati.systems/covpeek/internal/detector/detector.go:28.10,29.19 1 1
git.kernel.fun/chapati.systems/covpeek/internal/detector/detector.go:34.61,44.52 6 1
git.kernel.fun/chapati.systems/covpeek/internal/detector/detector.go:44.52,50.17 3 1
git.kernel.fun/chapati.systems/covpeek/internal/detector/detector.go:50.17,51.12 1 0
git.kernel.fun/chapati.systems/covpeek/internal/detector/detector.go:56.3,56.57 1 1
git.kernel.fun/chapati.systems/covpeek/internal/detector/detector.go:56.57,58.23 2 1
git.kernel.fun/chapati.systems/covpeek/internal/detector/detector.go:58.23,60.61 2 1
git.kernel.fun/chapati.systems/covpeek/internal/detector/detector.go:60.61,62.6 1 1
git.kernel.fun/chapati.systems/covpeek/internal/detector/detector.go:67.3,74.28 1 1
git.kernel.fun/chapati.systems/covpeek/internal/detector/detector.go:74.28,76.4 1 1
git.kernel.fun/chapati.systems/covpeek/internal/detector/detector.go:79.2,79.38 1 1
git.kernel.fun/chapati.systems/covpeek/internal/detector/detector.go:79.38,81.3 1 0
git.kernel.fun/chapati.systems/covpeek/internal/detector/detector.go:84.2,84.18 1 1
git.kernel.fun/chapati.systems/covpeek/internal/detector/detector.go:84.18,86.3 1 1
git.kernel.fun/chapati.systems/covpeek/internal/detector/detector.go:88.2,88.20 1 1
git.kernel.fun/chapati.systems/covpeek/internal/detector/detector.go:88.20,90.3 1 1
git.kernel.fun/chapati.systems/covpeek/internal/detector/detector.go:92.2,92.27 1 1
git.kernel.fun/chapati.systems/covpeek/internal/detector/detector.go:96.62,100.41 2 1
git.kernel.fun/chapati.systems/covpeek/internal/detector/detector.go:100.41,102.3 1 1
git.kernel.fun/chapati.systems/covpeek/internal/detector/detector.go:105.2,107.43 1 1
git.kernel.fun/chapati.systems/covpeek/internal/detector/detector.go:107.43,109.3 1 1
git.kernel.fun/chapati.systems/covpeek/internal/detector/detector.go:111.2,111.22 1 1
git.kernel.fun/chapati.systems/covpeek/main.go:6.14,7.2 0 0
git.kernel.fun/chapati.systems/covpeek/cmd/covpeek/filters.go:8.100,12.39 3 1
git.kernel.fun/chapati.systems/covpeek/cmd/covpeek/filters.go:12.39,13.38 1 1
git.kernel.fun/chapati.systems/covpeek/cmd/covpeek/filters.go:13.38,15.4 1 1
git.kernel.fun/chapati.systems/covpeek/cmd/covpeek/filters.go:18.2,18.17 1 1
git.kernel.fun/chapati.systems/covpeek/cmd/covpeek/main.go:3.13,5.2 1 0
git.kernel.fun/chapati.systems/covpeek/cmd/covpeek/output.go:15.55,16.27 1 1
git.kernel.fun/chapati.systems/covpeek/cmd/covpeek/output.go:16.27,18.3 1 1
git.kernel.fun/chapati.systems/covpeek/cmd/covpeek/output.go:20.2,20.28 1 1
git.kernel.fun/chapati.systems/covpeek/cmd/covpeek/output.go:20.28,23.3 2 1
git.kernel.fun/chapati.systems/covpeek/cmd/covpeek/output.go:26.2,35.38 4 1
git.kernel.fun/chapati.systems/covpeek/cmd/covpeek/output.go:35.38,37.3 1 1
git.kernel.fun/chapati.systems/covpeek/cmd/covpeek/output.go:39.2,39.42 1 1
git.kernel.fun/chapati.systems/covpeek/cmd/covpeek/output.go:39.42,41.3 1 1
git.kernel.fun/chapati.systems/covpeek/cmd/covpeek/output.go:44.2,52.32 5 1
git.kernel.fun/chapati.systems/covpeek/cmd/covpeek/output.go:52.32,58.3 1 1
git.kernel.fun/chapati.systems/covpeek/cmd/covpeek/output.go:61.2,66.12 2 1
git.kernel.fun/chapati.systems/covpeek/cmd/covpeek/output.go:70.54,74.2 3 1
git.kernel.fun/chapati.systems/covpeek/cmd/covpeek/output.go:77.53,82.101 3 1
git.kernel.fun/chapati.systems/covpeek/cmd/covpeek/output.go:82.101,84.3 1 0
git.kernel.fun/chapati.systems/covpeek/cmd/covpeek/output.go:87.2,88.37 2 1
git.kernel.fun/chapati.systems/covpeek/cmd/covpeek/output.go:88.37,90.3 1 1
git.kernel.fun/chapati.systems/covpeek/cmd/covpeek/output.go:91.2,94.37 2 1
git.kernel.fun/chapati.systems/covpeek/cmd/covpeek/output.go:94.37,102.43 3 1
git.kernel.fun/chapati.systems/covpeek/cmd/covpeek/output.go:102.43,104.4 1 0
git.kernel.fun/chapati.systems/covpeek/cmd/covpeek/output.go:107.2,107.12 1 1
git.kernel.fun/chapati.systems/covpeek/cmd/covpeek/parse.go:33.13,43.2 6 1
git.kernel.fun/chapati.systems/covpeek/cmd/covpeek/parse.go:46.61,48.24 1 1
git.kernel.fun/chapati.systems/covpeek/cmd/covpeek/parse.go:48.24,50.3 1 1
git.kernel.fun/chapati.systems/covpeek/cmd/covpeek/parse.go:52.2,53.16 2 1
git.kernel.fun/chapati.systems/covpeek/cmd/covpeek/parse.go:53.16,54.25 1 1
git.kernel.fun/chapati.systems/covpeek/cmd/covpeek/parse.go:54.25,56.4 1 1
git.kernel.fun/chapati.systems/covpeek/cmd/covpeek/parse.go:57.3,57.68 1 0
git.kernel.fun/chapati.systems/covpeek/cmd/covpeek/parse.go:60.2,60.22 1 1
git.kernel.fun/chapati.systems/covpeek/cmd/covpeek/parse.go:60.22,62.3 1 1
git.kernel.fun/chapati.systems/covpeek/cmd/covpeek/parse.go:65.2,66.16 2 1
git.kernel.fun/chapati.systems/covpeek/cmd/covpeek/parse.go:66.16,68.3 1 0
git.kernel.fun/chapati.systems/covpeek/cmd/covpeek/parse.go:69.2,72.23 2 1
git.kernel.fun/chapati.systems/covpeek/cmd/covpeek/parse.go:72.23,79.50 2 1
git.kernel.fun/chapati.systems/covpeek/cmd/covpeek/parse.go:79.50,81.4 1 1
git.kernel.fun/chapati.systems/covpeek/cmd/covpeek/parse.go:85.2,85.36 1 1
git.kernel.fun/chapati.systems/covpeek/cmd/covpeek/parse.go:85.36,87.3 1 1
git.kernel.fun/chapati.systems/covpeek/cmd/covpeek/parse.go:90.2,95.50 2 1
git.kernel.fun/chapati.systems/covpeek/cmd/covpeek/parse.go:95.50,97.3 1 1
git.kernel.fun/chapati.systems/covpeek/cmd/covpeek/parse.go:99.2,99.12 1 1
git.kernel.fun/chapati.systems/covpeek/cmd/covpeek/parse.go:102.56,104.40 1 1
git.kernel.fun/chapati.systems/covpeek/cmd/covpeek/parse.go:104.40,106.3 1 1
git.kernel.fun/chapati.systems/covpeek/cmd/covpeek/parse.go:109.2,109.49 1 1
git.kernel.fun/chapati.systems/covpeek/cmd/covpeek/parse.go:109.49,111.3 1 0
git.kernel.fun/chapati.systems/covpeek/cmd/covpeek/parse.go:114.2,115.16 2 1
git.kernel.fun/chapati.systems/covpeek/cmd/covpeek/parse.go:115.16,117.3 1 0
git.kernel.fun/chapati.systems/covpeek/cmd/covpeek/parse.go:118.2,118.15 1 1
git.kernel.fun/chapati.systems/covpeek/cmd/covpeek/parse.go:118.15,118.35 1 1
git.kernel.fun/chapati.systems/covpeek/cmd/covpeek/parse.go:121.2,122.16 2 1
git.kernel.fun/chapati.systems/covpeek/cmd/covpeek/parse.go:122.16,124.3 1 0
git.kernel.fun/chapati.systems/covpeek/cmd/covpeek/parse.go:127.2,128.23 2 1
git.kernel.fun/chapati.systems/covpeek/cmd/covpeek/parse.go:128.23,130.39 1 1
git.kernel.fun/chapati.systems/covpeek/cmd/covpeek/parse.go:131.29,132.32 1 1
git.kernel.fun/chapati.systems/covpeek/cmd/covpeek/parse.go:133.13,134.35 1 0
git.kernel.fun/chapati.systems/covpeek/cmd/covpeek/parse.go:135.11,136.84 1 0
git.kernel.fun/chapati.systems/covpeek/cmd/covpeek/parse.go:138.3,138.53 1 1
git.kernel.fun/chapati.systems/covpeek/cmd/covpeek/parse.go:139.8,142.39 2 1
git.kernel.fun/chapati.systems/covpeek/cmd/covpeek/parse.go:142.39,145.18 2 0
git.kernel.fun/chapati.systems/covpeek/cmd/covpeek/parse.go:145.18,147.5 1 0
git.kernel.fun/chapati.systems/covpeek/cmd/covpeek/parse.go:150.3,150.39 1 1
git.kernel.fun/chapati.systems/covpeek/cmd/covpeek/parse.go:150.39,152.4 1 0
git.kernel.fun/chapati.systems/covpeek/cmd/covpeek/parse.go:154.3,154.49 1 1
git.kernel.fun/chapati.systems/covpeek/cmd/covpeek/parse.go:158.2,159.16 2 1
git.kernel.fun/chapati.systems/covpeek/cmd/covpeek/parse.go:160.27,163.17 3 1
git.kernel.fun/chapati.systems/covpeek/cmd/covpeek/parse.go:163.17,165.4 1 0
git.kernel.fun/chapati.systems/covpeek/cmd/covpeek/parse.go:167.30,170.17 3 0
git.kernel.fun/chapati.systems/covpeek/cmd/covpeek/parse.go:170.17,172.4 1 0
git.kernel.fun/chapati.systems/covpeek/cmd/covpeek/parse.go:174.10,175.63 1 0
git.kernel.fun/chapati.systems/covpeek/cmd/covpeek/parse.go:179.2,179.18 1 1
git.kernel.fun/chapati.systems/covpeek/cmd/covpeek/parse.go:179.18,181.3 1 0
git.kernel.fun/chapati.systems/covpeek/cmd/covpeek/parse.go:184.2,184.13 1 1
git.kernel.fun/chapati.systems/covpeek/cmd/covpeek/parse.go:184.13,186.3 1 0
git.kernel.fun/chapati.systems/covpeek/cmd/covpeek/parse.go:188.2,188.39 1 1
git.kernel.fun/chapati.systems/covpeek/cmd/covpeek/parse.go:189.14,190.28 1 1
git.kernel.fun/chapati.systems/covpeek/cmd/covpeek/parse.go:191.13,192.27 1 1
git.kernel.fun/chapati.systems/covpeek/cmd/covpeek/parse.go:193.15,194.29 1 1
git.kernel.fun/chapati.systems/covpeek/cmd/covpeek/parse.go:195.10,196.29 1 0
git.kernel.fun/chapati.systems/covpeek/cmd/covpeek/parse.go:201.53,207.35 3 1
git.kernel.fun/chapati.systems/covpeek/cmd/covpeek/parse.go:207.35,209.3 1 0
git.kernel.fun/chapati.systems/covpeek/cmd/covpeek/parse.go:211.2,211.12 1 1
git.kernel.fun/chapati.systems/covpeek/cmd/covpeek/root.go:34.16,35.42 1 0
git.kernel.fun/chapati.systems/covpeek/cmd/covpeek/root.go:35.42,38.3 2 0
git.kernel.fun/chapati.systems/covpeek/cmd/covpeek/root.go:41.13,45.2 2 1
git.kernel.fun/chapati.systems/covpeek/cmd/covpeek/tui.go:24.62,35.38 3 1
git.kernel.fun/chapati.systems/covpeek/cmd/covpeek/tui.go:35.38,42.3 1 1
git.kernel.fun/chapati.systems/covpeek/cmd/covpeek/tui.go:45.2,45.39 1 1
git.kernel.fun/chapati.systems/covpeek/cmd/covpeek/tui.go:45.39,49.3 3 1
git.kernel.fun/chapati.systems/covpeek/cmd/covpeek/tui.go:52.2,79.3 7 1
git.kernel.fun/chapati.systems/covpeek/cmd/covpeek/tui.go:83.36,85.2 1 1
git.kernel.fun/chapati.systems/covpeek/cmd/covpeek/tui.go:88.62,91.27 2 1
git.kernel.fun/chapati.systems/covpeek/cmd/covpeek/tui.go:92.25,96.16 3 0
git.kernel.fun/chapati.systems/covpeek/cmd/covpeek/tui.go:97.20,99.78 1 0
git.kernel.fun/chapati.systems/covpeek/cmd/covpeek/tui.go:99.78,101.18 1 0
git.kernel.fun/chapati.systems/covpeek/cmd/covpeek/tui.go:101.18,105.37 3 0
git.kernel.fun/chapati.systems/covpeek/cmd/covpeek/tui.go:105.37,106.39 1 0
git.kernel.fun/chapati.systems/covpeek/cmd/covpeek/tui.go:106.39,108.12 2 0
git.kernel.fun/chapati.systems/covpeek/cmd/covpeek/tui.go:110.6,110.20 1 0
git.kernel.fun/chapati.systems/covpeek/cmd/covpeek/tui.go:114.18,115.23 1 1
git.kernel.fun/chapati.systems/covpeek/cmd/covpeek/tui.go:116.14,117.25 1 0
git.kernel.fun/chapati.systems/covpeek/cmd/covpeek/tui.go:117.25,119.5 1 0
git.kernel.fun/chapati.systems/covpeek/cmd/covpeek/tui.go:119.10,121.5 1 0
git.kernel.fun/chapati.systems/covpeek/cmd/covpeek/tui.go:122.22,123.22 1 0
git.kernel.fun/chapati.systems/covpeek/cmd/covpeek/tui.go:124.16,125.22 1 1
git.kernel.fun/chapati.systems/covpeek/cmd/covpeek/tui.go:127.12,129.17 1 0
git.kernel.fun/chapati.systems/covpeek/cmd/covpeek/tui.go:130.12,131.21 1 0
git.kernel.fun/chapati.systems/covpeek/cmd/covpeek/tui.go:132.12,133.21 1 0
git.kernel.fun/chapati.systems/covpeek/cmd/covpeek/tui.go:134.12,135.21 1 0
git.kernel.fun/chapati.systems/covpeek/cmd/covpeek/tui.go:136.12,137.21 1 0
git.kernel.fun/chapati.systems/covpeek/cmd/covpeek/tui.go:138.12,140.29 2 0
git.kernel.fun/chapati.systems/covpeek/cmd/covpeek/tui.go:144.2,145.15 2 0
git.kernel.fun/chapati.systems/covpeek/cmd/covpeek/tui.go:149.44,153.39 3 1
git.kernel.fun/chapati.systems/covpeek/cmd/covpeek/tui.go:153.39,155.25 2 1
git.kernel.fun/chapati.systems/covpeek/cmd/covpeek/tui.go:155.25,157.4 1 1
git.kernel.fun/chapati.systems/covpeek/cmd/covpeek/tui.go:158.3,158.25 1 1
git.kernel.fun/chapati.systems/covpeek/cmd/covpeek/tui.go:158.25,160.4 1 1
git.kernel.fun/chapati.systems/covpeek/cmd/covpeek/tui.go:163.3,163.39 1 1
git.kernel.fun/chapati.systems/covpeek/cmd/covpeek/tui.go:163.39,166.17 3 1
git.kernel.fun/chapati.systems/covpeek/cmd/covpeek/tui.go:166.17,168.5 1 0
git.kernel.fun/chapati.systems/covpeek/cmd/covpeek/tui.go:169.4,169.22 1 1
git.kernel.fun/chapati.systems/covpeek/cmd/covpeek/tui.go:173.3,173.16 1 1
git.kernel.fun/chapati.systems/covpeek/cmd/covpeek/tui.go:173.16,175.4 1 0
git.kernel.fun/chapati.systems/covpeek/cmd/covpeek/tui.go:176.3,176.15 1 1
git.kernel.fun/chapati.systems/covpeek/cmd/covpeek/tui.go:179.2,179.23 1 1
git.kernel.fun/chapati.systems/covpeek/cmd/covpeek/tui.go:183.35,195.15 5 1
git.kernel.fun/chapati.systems/covpeek/cmd/covpeek/tui.go:195.15,197.3 1 0
git.kernel.fun/chapati.systems/covpeek/cmd/covpeek/tui.go:199.2,208.19 4 1
