mode: set
git.kernel.fun/chapati.systems/covpeek/internal/detector/detector.go:26.41,27.11 1 1
git.kernel.fun/chapati.systems/covpeek/internal/detector/detector.go:28.18,29.16 1 1
git.kernel.fun/chapati.systems/covpeek/internal/detector/detector.go:30.21,31.23 1 1
git.kernel.fun/chapati.systems/covpeek/internal/detector/detector.go:32.24,33.31 1 1
git.kernel.fun/chapati.systems/covpeek/internal/detector/detector.go:34.25,35.32 1 1
git.kernel.fun/chapati.systems/covpeek/internal/detector/detector.go:36.10,37.19 1 1
git.kernel.fun/chapati.systems/covpeek/internal/detector/detector.go:42.61,54.52 8 1
git.kernel.fun/chapati.systems/covpeek/internal/detector/detector.go:54.52,60.17 3 1
git.kernel.fun/chapati.systems/covpeek/internal/detector/detector.go:60.17,61.12 1 0
git.kernel.fun/chapati.systems/covpeek/internal/detector/detector.go:66.3,66.57 1 1
git.kernel.fun/chapati.systems/covpeek/internal/detector/detector.go:66.57,68.23 2 1
git.kernel.fun/chapati.systems/covpeek/internal/detector/detector.go:68.23,70.61 2 1
git.kernel.fun/chapati.systems/covpeek/internal/detector/detector.go:70.61,72.6 1 1
git.kernel.fun/chapati.systems/covpeek/internal/detector/detector.go:77.3,77.88 1 1
git.kernel.fun/chapati.systems/covpeek/internal/detector/detector.go:77.88,79.4 1 1
git.kernel.fun/chapati.systems/covpeek/internal/detector/detector.go:82.3,82.86 1 1
git.kernel.fun/chapati.systems/covpeek/internal/detector/detector.go:82.86,84.4 1 1
git.kernel.fun/chapati.systems/covpeek/internal/detector/detector.go:87.3,94.28 1 1
git.kernel.fun/chapati.systems/covpeek/internal/detector/detector.go:94.28,96.4 1 1
git.kernel.fun/chapati.systems/covpeek/internal/detector/detector.go:99.2,99.38 1 1
git.kernel.fun/chapati.systems/covpeek/internal/detector/detector.go:99.38,101.3 1 0
git.kernel.fun/chapati.systems/covpeek/internal/detector/detector.go:104.2,104.18 1 1
git.kernel.fun/chapati.systems/covpeek/internal/detector/detector.go:104.18,106.3 1 1
git.kernel.fun/chapati.systems/covpeek/internal/detector/detector.go:108.2,108.19 1 1
git.kernel.fun/chapati.systems/covpeek/internal/detector/detector.go:108.19,110.3 1 1
git.kernel.fun/chapati.systems/covpeek/internal/detector/detector.go:112.2,112.20 1 1
git.kernel.fun/chapati.systems/covpeek/internal/detector/detector.go:112.20,114.3 1 1
git.kernel.fun/chapati.systems/covpeek/internal/detector/detector.go:116.2,116.20 1 1
git.kernel.fun/chapati.systems/covpeek/internal/detector/detector.go:116.20,118.3 1 1
git.kernel.fun/chapati.systems/covpeek/internal/detector/detector.go:120.2,120.27 1 1
git.kernel.fun/chapati.systems/covpeek/internal/detector/detector.go:124.62,128.41 2 1
git.kernel.fun/chapati.systems/covpeek/internal/detector/detector.go:128.41,130.3 1 1
git.kernel.fun/chapati.systems/covpeek/internal/detector/detector.go:133.2,133.83 1 1
git.kernel.fun/chapati.systems/covpeek/internal/detector/detector.go:133.83,135.3 1 1
git.kernel.fun/chapati.systems/covpeek/internal/detector/detector.go:138.2,138.84 1 1
git.kernel.fun/chapati.systems/covpeek/internal/detector/detector.go:138.84,140.3 1 1
git.kernel.fun/chapati.systems/covpeek/internal/detector/detector.go:143.2,145.43 1 1
git.kernel.fun/chapati.systems/covpeek/internal/detector/detector.go:145.43,147.3 1 1
git.kernel.fun/chapati.systems/covpeek/internal/detector/detector.go:149.2,149.22 1 0
git.kernel.fun/chapati.systems/covpeek/pkg/models/coverage.go:34.42,38.2 1 1
git.kernel.fun/chapati.systems/covpeek/pkg/models/coverage.go:41.52,43.2 1 1
git.kernel.fun/chapati.systems/covpeek/pkg/models/coverage.go:46.65,48.2 1 1
git.kernel.fun/chapati.systems/covpeek/pkg/models/coverage.go:51.108,52.29 1 1
git.kernel.fun/chapati.systems/covpeek/pkg/models/coverage.go:52.29,55.3 2 1
git.kernel.fun/chapati.systems/covpeek/pkg/models/coverage.go:56.2,56.20 1 1
git.kernel.fun/chapati.systems/covpeek/pkg/models/coverage.go:56.20,58.3 1 1
git.kernel.fun/chapati.systems/covpeek/pkg/models/coverage.go:59.2,59.8 1 1
git.kernel.fun/chapati.systems/covpeek/pkg/models/coverage.go:63.45,64.23 1 1
git.kernel.fun/chapati.systems/covpeek/pkg/models/coverage.go:64.23,66.3 1 1
git.kernel.fun/chapati.systems/covpeek/pkg/parser/gocover.go:21.40,25.2 1 1
git.kernel.fun/chapati.systems/covpeek/pkg/parser/gocover.go:30.81,36.21 4 1
git.kernel.fun/chapati.systems/covpeek/pkg/parser/gocover.go:36.21,38.3 1 1
git.kernel.fun/chapati.systems/covpeek/pkg/parser/gocover.go:40.2,42.44 3 1
git.kernel.fun/chapati.systems/covpeek/pkg/parser/gocover.go:42.44,44.3 1 1
git.kernel.fun/chapati.systems/covpeek/pkg/parser/gocover.go:46.2,47.64 2 1
git.kernel.fun/chapati.systems/covpeek/pkg/parser/gocover.go:47.64,49.3 1 0
git.kernel.fun/chapati.systems/covpeek/pkg/parser/gocover.go:52.2,52.21 1 1
git.kernel.fun/chapati.systems/covpeek/pkg/parser/gocover.go:52.21,57.17 3 1
git.kernel.fun/chapati.systems/covpeek/pkg/parser/gocover.go:57.17,58.12 1 0
git.kernel.fun/chapati.systems/covpeek/pkg/parser/gocover.go:61.3,61.72 1 1
git.kernel.fun/chapati.systems/covpeek/pkg/parser/gocover.go:61.72,63.12 2 1
git.kernel.fun/chapati.systems/covpeek/pkg/parser/gocover.go:67.2,67.38 1 1
git.kernel.fun/chapati.systems/covpeek/pkg/parser/gocover.go:67.38,69.3 1 0
git.kernel.fun/chapati.systems/covpeek/pkg/parser/gocover.go:72.2,72.36 1 1
git.kernel.fun/chapati.systems/covpeek/pkg/parser/gocover.go:72.36,74.3 1 1
git.kernel.fun/chapati.systems/covpeek/pkg/parser/gocover.go:77.2,77.37 1 1
git.kernel.fun/chapati.systems/covpeek/pkg/parser/gocover.go:77.37,79.3 1 1
git.kernel.fun/chapati.systems/covpeek/pkg/parser/gocover.go:81.2,81.20 1 1
git.kernel.fun/chapati.systems/covpeek/pkg/parser/gocover.go:86.107,89.20 2 1
git.kernel.fun/chapati.systems/covpeek/pkg/parser/gocover.go:89.20,91.3 1 1
git.kernel.fun/chapati.systems/covpeek/pkg/parser/gocover.go:93.2,98.21 4 1
git.kernel.fun/chapati.systems/covpeek/pkg/parser/gocover.go:98.21,100.3 1 1
git.kernel.fun/chapati.systems/covpeek/pkg/parser/gocover.go:103.2,105.26 3 1
git.kernel.fun/chapati.systems/covpeek/pkg/parser/gocover.go:105.26,107.3 1 0
git.kernel.fun/chapati.systems/covpeek/pkg/parser/gocover.go:109.2,110.26 2 1
git.kernel.fun/chapati.systems/covpeek/pkg/parser/gocover.go:110.26,112.3 1 0
git.kernel.fun/chapati.systems/covpeek/pkg/parser/gocover.go:114.2,115.24 2 1
git.kernel.fun/chapati.systems/covpeek/pkg/parser/gocover.go:115.24,117.3 1 0
git.kernel.fun/chapati.systems/covpeek/pkg/parser/gocover.go:119.2,120.16 2 1
git.kernel.fun/chapati.systems/covpeek/pkg/parser/gocover.go:120.16,122.3 1 0
git.kernel.fun/chapati.systems/covpeek/pkg/parser/gocover.go:124.2,125.16 2 1
git.kernel.fun/chapati.systems/covpeek/pkg/parser/gocover.go:125.16,127.3 1 0
git.kernel.fun/chapati.systems/covpeek/pkg/parser/gocover.go:130.2,131.16 2 1
git.kernel.fun/chapati.systems/covpeek/pkg/parser/gocover.go:131.16,133.3 1 1
git.kernel.fun/chapati.systems/covpeek/pkg/parser/gocover.go:136.2,137.16 2 1
git.kernel.fun/chapati.systems/covpeek/pkg/parser/gocover.go:137.16,139.3 1 1
git.kernel.fun/chapati.systems/covpeek/pkg/parser/gocover.go:142.2,143.17 2 1
git.kernel.fun/chapati.systems/covpeek/pkg/parser/gocover.go:143.17,150.3 2 1
git.kernel.fun/chapati.systems/covpeek/pkg/parser/gocover.go:153.2,153.55 1 1
git.kernel.fun/chapati.systems/covpeek/pkg/parser/gocover.go:153.55,155.53 1 1
git.kernel.fun/chapati.systems/covpeek/pkg/parser/gocover.go:155.53,157.47 1 1
git.kernel.fun/chapati.systems/covpeek/pkg/parser/gocover.go:157.47,159.5 1 1
git.kernel.fun/chapati.systems/covpeek/pkg/parser/gocover.go:159.10,160.22 1 0
git.kernel.fun/chapati.systems/covpeek/pkg/parser/gocover.go:160.22,162.6 1 0
git.kernel.fun/chapati.systems/covpeek/pkg/parser/gocover.go:164.4,164.33 1 1
git.kernel.fun/chapati.systems/covpeek/pkg/parser/gocover.go:165.9,170.4 1 1
git.kernel.fun/chapati.systems/covpeek/pkg/parser/gocover.go:174.2,174.37 1 1
git.kernel.fun/chapati.systems/covpeek/pkg/parser/gocover.go:174.37,175.33 1 1
git.kernel.fun/chapati.systems/covpeek/pkg/parser/gocover.go:175.33,178.41 2 1
git.kernel.fun/chapati.systems/covpeek/pkg/parser/gocover.go:178.41,179.43 1 1
git.kernel.fun/chapati.systems/covpeek/pkg/parser/gocover.go:179.43,181.11 2 1
git.kernel.fun/chapati.systems/covpeek/pkg/parser/gocover.go:184.4,184.14 1 1
git.kernel.fun/chapati.systems/covpeek/pkg/parser/gocover.go:184.14,186.5 1 0
git.kernel.fun/chapati.systems/covpeek/pkg/parser/gocover.go:191.2,195.37 3 1
git.kernel.fun/chapati.systems/covpeek/pkg/parser/gocover.go:195.37,196.33 1 1
git.kernel.fun/chapati.systems/covpeek/pkg/parser/gocover.go:196.33,198.4 1 1
git.kernel.fun/chapati.systems/covpeek/pkg/parser/gocover.go:200.2,205.12 3 1
git.kernel.fun/chapati.systems/covpeek/pkg/parser/gocover.go:209.65,211.2 1 1
git.kernel.fun/chapati.systems/covpeek/pkg/parser/gocover.go:214.48,216.2 1 1
git.kernel.fun/chapati.systems/covpeek/pkg/parser/gocover.go:219.42,221.2 1 1
git.kernel.fun/chapati.systems/covpeek/pkg/parser/lcov.go:20.34,24.2 1 1
git.kernel.fun/chapati.systems/covpeek/pkg/parser/lcov.go:27.78,34.21 5 1
git.kernel.fun/chapati.systems/covpeek/pkg/parser/lcov.go:34.21,39.17 3 1
git.kernel.fun/chapati.systems/covpeek/pkg/parser/lcov.go:39.17,40.12 1 0
git.kernel.fun/chapati.systems/covpeek/pkg/parser/lcov.go:44.3,44.10 1 1
git.kernel.fun/chapati.systems/covpeek/pkg/parser/lcov.go:45.39,47.53 1 1
git.kernel.fun/chapati.systems/covpeek/pkg/parser/lcov.go:49.39,56.5 2 1
git.kernel.fun/chapati.systems/covpeek/pkg/parser/lcov.go:58.39,60.26 1 1
git.kernel.fun/chapati.systems/covpeek/pkg/parser/lcov.go:60.26,62.13 2 0
git.kernel.fun/chapati.systems/covpeek/pkg/parser/lcov.go:64.4,64.67 1 1
git.kernel.fun/chapati.systems/covpeek/pkg/parser/lcov.go:64.67,66.5 1 1
git.kernel.fun/chapati.systems/covpeek/pkg/parser/lcov.go:68.41,70.26 1 1
git.kernel.fun/chapati.systems/covpeek/pkg/parser/lcov.go:70.26,72.13 2 0
git.kernel.fun/chapati.systems/covpeek/pkg/parser/lcov.go:74.4,74.69 1 1
git.kernel.fun/chapati.systems/covpeek/pkg/parser/lcov.go:74.69,76.5 1 1
git.kernel.fun/chapati.systems/covpeek/pkg/parser/lcov.go:78.40,81.12 1 1
git.kernel.fun/chapati.systems/covpeek/pkg/parser/lcov.go:83.40,86.12 1 1
git.kernel.fun/chapati.systems/covpeek/pkg/parser/lcov.go:88.39,90.26 1 1
git.kernel.fun/chapati.systems/covpeek/pkg/parser/lcov.go:90.26,92.13 2 1
git.kernel.fun/chapati.systems/covpeek/pkg/parser/lcov.go:94.4,94.67 1 1
git.kernel.fun/chapati.systems/covpeek/pkg/parser/lcov.go:94.67,96.5 1 1
git.kernel.fun/chapati.systems/covpeek/pkg/parser/lcov.go:98.39,100.26 1 1
git.kernel.fun/chapati.systems/covpeek/pkg/parser/lcov.go:100.26,102.13 2 0
git.kernel.fun/chapati.systems/covpeek/pkg/parser/lcov.go:104.4,104.67 1 1
git.kernel.fun/chapati.systems/covpeek/pkg/parser/lcov.go:104.67,106.5 1 1
git.kernel.fun/chapati.systems/covpeek/pkg/parser/lcov.go:108.39,110.26 1 1
git.kernel.fun/chapati.systems/covpeek/pkg/parser/lcov.go:110.26,112.13 2 0
git.kernel.fun/chapati.systems/covpeek/pkg/parser/lcov.go:114.4,114.67 1 1
git.kernel.fun/chapati.systems/covpeek/pkg/parser/lcov.go:114.67,116.5 1 1
git.kernel.fun/chapati.systems/covpeek/pkg/parser/lcov.go:118.40,120.12 1 1
git.kernel.fun/chapati.systems/covpeek/pkg/parser/lcov.go:122.40,124.12 1 1
git.kernel.fun/chapati.systems/covpeek/pkg/parser/lcov.go:126.41,128.12 1 1
git.kernel.fun/chapati.systems/covpeek/pkg/parser/lcov.go:130.32,132.26 1 1
git.kernel.fun/chapati.systems/covpeek/pkg/parser/lcov.go:132.26,136.5 3 1
git.kernel.fun/chapati.systems/covpeek/pkg/parser/lcov.go:138.11,140.74 1 1
git.kernel.fun/chapati.systems/covpeek/pkg/parser/lcov.go:144.2,144.38 1 1
git.kernel.fun/chapati.systems/covpeek/pkg/parser/lcov.go:144.38,146.3 1 0
git.kernel.fun/chapati.systems/covpeek/pkg/parser/lcov.go:149.2,149.37 1 1
git.kernel.fun/chapati.systems/covpeek/pkg/parser/lcov.go:149.37,151.3 1 1
git.kernel.fun/chapati.systems/covpeek/pkg/parser/lcov.go:153.2,153.20 1 1
git.kernel.fun/chapati.systems/covpeek/pkg/parser/lcov.go:157.89,160.21 3 1
git.kernel.fun/chapati.systems/covpeek/pkg/parser/lcov.go:160.21,162.3 1 1
git.kernel.fun/chapati.systems/covpeek/pkg/parser/lcov.go:164.2,165.16 2 1
git.kernel.fun/chapati.systems/covpeek/pkg/parser/lcov.go:165.16,167.3 1 0
git.kernel.fun/chapati.systems/covpeek/pkg/parser/lcov.go:169.2,175.12 3 1
git.kernel.fun/chapati.systems/covpeek/pkg/parser/lcov.go:179.91,182.21 3 1
git.kernel.fun/chapati.systems/covpeek/pkg/parser/lcov.go:182.21,184.3 1 0
git.kernel.fun/chapati.systems/covpeek/pkg/parser/lcov.go:186.2,187.16 2 1
git.kernel.fun/chapati.systems/covpeek/pkg/parser/lcov.go:187.16,189.3 1 1
git.kernel.fun/chapati.systems/covpeek/pkg/parser/lcov.go:191.2,194.32 2 1
git.kernel.fun/chapati.systems/covpeek/pkg/parser/lcov.go:194.32,195.45 1 1
git.kernel.fun/chapati.systems/covpeek/pkg/parser/lcov.go:195.45,197.9 2 1
git.kernel.fun/chapati.systems/covpeek/pkg/parser/lcov.go:201.2,201.12 1 1
git.kernel.fun/chapati.systems/covpeek/pkg/parser/lcov.go:205.89,208.20 3 1
git.kernel.fun/chapati.systems/covpeek/pkg/parser/lcov.go:208.20,210.3 1 1
git.kernel.fun/chapati.systems/covpeek/pkg/parser/lcov.go:212.2,213.16 2 1
git.kernel.fun/chapati.systems/covpeek/pkg/parser/lcov.go:213.16,215.3 1 0
git.kernel.fun/chapati.systems/covpeek/pkg/parser/lcov.go:217.2,218.16 2 1
git.kernel.fun/chapati.systems/covpeek/pkg/parser/lcov.go:218.16,220.3 1 0
git.kernel.fun/chapati.systems/covpeek/pkg/parser/lcov.go:222.2,223.20 2 1
git.kernel.fun/chapati.systems/covpeek/pkg/parser/lcov.go:223.20,225.3 1 1
git.kernel.fun/chapati.systems/covpeek/pkg/parser/lcov.go:227.2,233.12 2 1
git.kernel.fun/chapati.systems/covpeek/pkg/parser/lcov.go:237.89,240.16 3 1
git.kernel.fun/chapati.systems/covpeek/pkg/parser/lcov.go:240.16,242.3 1 1
git.kernel.fun/chapati.systems/covpeek/pkg/parser/lcov.go:244.2,245.12 2 1
git.kernel.fun/chapati.systems/covpeek/pkg/parser/lcov.go:249.89,252.16 3 1
git.kernel.fun/chapati.systems/covpeek/pkg/parser/lcov.go:252.16,254.3 1 1
git.kernel.fun/chapati.systems/covpeek/pkg/parser/lcov.go:256.2,257.12 2 1
git.kernel.fun/chapati.systems/covpeek/pkg/parser/lcov.go:261.62,263.2 1 1
git.kernel.fun/chapati.systems/covpeek/pkg/parser/lcov.go:266.45,268.2 1 1
git.kernel.fun/chapati.systems/covpeek/pkg/parser/pycover_json.go:19.48,23.2 1 1
git.kernel.fun/chapati.systems/covpeek/pkg/parser/pycover_json.go:44.85,48.16 3 1
git.kernel.fun/chapati.systems/covpeek/pkg/parser/pycover_json.go:48.16,50.3 1 0
git.kernel.fun/chapati.systems/covpeek/pkg/parser/pycover_json.go:52.2,53.60 2 1
git.kernel.fun/chapati.systems/covpeek/pkg/parser/pycover_json.go:53.60,55.3 1 1
git.kernel.fun/chapati.systems/covpeek/pkg/parser/pycover_json.go:58.2,58.53 1 1
git.kernel.fun/chapati.systems/covpeek/pkg/parser/pycover_json.go:58.53,59.65 1 1
git.kernel.fun/chapati.systems/covpeek/pkg/parser/pycover_json.go:59.65,61.12 2 0
git.kernel.fun/chapati.systems/covpeek/pkg/parser/pycover_json.go:66.2,66.36 1 1
git.kernel.fun/chapati.systems/covpeek/pkg/parser/pycover_json.go:66.36,68.3 1 1
git.kernel.fun/chapati.systems/covpeek/pkg/parser/pycover_json.go:71.2,71.37 1 1
git.kernel.fun/chapati.systems/covpeek/pkg/parser/pycover_json.go:71.37,73.3 1 1
git.kernel.fun/chapati.systems/covpeek/pkg/parser/pycover_json.go:75.2,75.20 1 1
git.kernel.fun/chapati.systems/covpeek/pkg/parser/pycover_json.go:79.120,90.49 3 1
git.kernel.fun/chapati.systems/covpeek/pkg/parser/pycover_json.go:90.49,95.3 1 1
git.kernel.fun/chapati.systems/covpeek/pkg/parser/pycover_json.go:98.2,98.48 1 1
git.kernel.fun/chapati.systems/covpeek/pkg/parser/pycover_json.go:98.48,99.48 1 1
git.kernel.fun/chapati.systems/covpeek/pkg/parser/pycover_json.go:99.48,104.4 1 1
git.kernel.fun/chapati.systems/covpeek/pkg/parser/pycover_json.go:108.2,108.40 1 1
git.kernel.fun/chapati.systems/covpeek/pkg/parser/pycover_json.go:108.40,115.38 5 1
git.kernel.fun/chapati.systems/covpeek/pkg/parser/pycover_json.go:115.38,116.34 1 1
git.kernel.fun/chapati.systems/covpeek/pkg/parser/pycover_json.go:116.34,118.5 1 1
git.kernel.fun/chapati.systems/covpeek/pkg/parser/pycover_json.go:121.3,121.50 1 1
git.kernel.fun/chapati.systems/covpeek/pkg/parser/pycover_json.go:121.50,123.4 1 1
git.kernel.fun/chapati.systems/covpeek/pkg/parser/pycover_json.go:124.3,124.51 1 1
git.kernel.fun/chapati.systems/covpeek/pkg/parser/pycover_json.go:124.51,126.4 1 1
git.kernel.fun/chapati.systems/covpeek/pkg/parser/pycover_json.go:127.8,131.38 3 1
git.kernel.fun/chapati.systems/covpeek/pkg/parser/pycover_json.go:131.38,132.34 1 1
git.kernel.fun/chapati.systems/covpeek/pkg/parser/pycover_json.go:132.34,134.5 1 1
git.kernel.fun/chapati.systems/covpeek/pkg/parser/pycover_json.go:136.3,136.35 1 1
git.kernel.fun/chapati.systems/covpeek/pkg/parser/pycover_json.go:139.2,140.12 2 1
git.kernel.fun/chapati.systems/covpeek/pkg/parser/pycover_json.go:144.56,146.2 1 1
git.kernel.fun/chapati.systems/covpeek/pkg/parser/pycover_json.go:149.52,151.2 1 1
git.kernel.fun/chapati.systems/covpeek/pkg/parser/pycover_xml.go:19.46,23.2 1 1
git.kernel.fun/chapati.systems/covpeek/pkg/parser/pycover_xml.go:49.84,53.16 3 1
git.kernel.fun/chapati.systems/covpeek/pkg/parser/pycover_xml.go:53.16,55.3 1 0
git.kernel.fun/chapati.systems/covpeek/pkg/parser/pycover_xml.go:57.2,58.61 2 1
git.kernel.fun/chapati.systems/covpeek/pkg/parser/pycover_xml.go:58.61,60.3 1 1
git.kernel.fun/chapati.systems/covpeek/pkg/parser/pycover_xml.go:63.2,63.46 1 1
git.kernel.fun/chapati.systems/covpeek/pkg/parser/pycover_xml.go:63.46,64.37 1 1
git.kernel.fun/chapati.systems/covpeek/pkg/parser/pycover_xml.go:64.37,65.54 1 1
git.kernel.fun/chapati.systems/covpeek/pkg/parser/pycover_xml.go:65.54,67.13 2 0
git.kernel.fun/chapati.systems/covpeek/pkg/parser/pycover_xml.go:73.2,73.36 1 1
git.kernel.fun/chapati.systems/covpeek/pkg/parser/pycover_xml.go:73.36,75.3 1 1
git.kernel.fun/chapati.systems/covpeek/pkg/parser/pycover_xml.go:78.2,78.37 1 1
git.kernel.fun/chapati.systems/covpeek/pkg/parser/pycover_xml.go:78.37,80.3 1 1
git.kernel.fun/chapati.systems/covpeek/pkg/parser/pycover_xml.go:82.2,82.20 1 1
git.kernel.fun/chapati.systems/covpeek/pkg/parser/pycover_xml.go:86.89,97.35 3 1
git.kernel.fun/chapati.systems/covpeek/pkg/parser/pycover_xml.go:97.35,98.20 1 1
git.kernel.fun/chapati.systems/covpeek/pkg/parser/pycover_xml.go:98.20,100.4 1 1
git.kernel.fun/chapati.systems/covpeek/pkg/parser/pycover_xml.go:101.3,104.4 1 1
git.kernel.fun/chapati.systems/covpeek/pkg/parser/pycover_xml.go:108.2,110.37 3 1
git.kernel.fun/chapati.systems/covpeek/pkg/parser/pycover_xml.go:110.37,111.33 1 1
git.kernel.fun/chapati.systems/covpeek/pkg/parser/pycover_xml.go:111.33,113.4 1 1
git.kernel.fun/chapati.systems/covpeek/pkg/parser/pycover_xml.go:115.2,118.12 3 1
git.kernel.fun/chapati.systems/covpeek/pkg/parser/pycover_xml.go:122.55,124.2 1 1
git.kernel.fun/chapati.systems/covpeek/pkg/parser/pycover_xml.go:127.51,129.2 1 1
git.kernel.fun/chapati.systems/covpeek/pkg/uploader/uploader.go:19.97,27.2 1 1
git.kernel.fun/chapati.systems/covpeek/pkg/uploader/uploader.go:30.78,36.2 1 1
git.kernel.fun/chapati.systems/covpeek/pkg/uploader/uploader.go:47.59,48.14 1 1
git.kernel.fun/chapati.systems/covpeek/pkg/uploader/uploader.go:48.14,50.3 1 0
git.kernel.fun/chapati.systems/covpeek/pkg/uploader/uploader.go:53.2,53.58 1 1
git.kernel.fun/chapati.systems/covpeek/pkg/uploader/uploader.go:53.58,55.3 1 1
git.kernel.fun/chapati.systems/covpeek/pkg/uploader/uploader.go:58.2,66.69 4 0
git.kernel.fun/chapati.systems/covpeek/pkg/uploader/uploader.go:66.69,68.3 1 0
git.kernel.fun/chapati.systems/covpeek/pkg/uploader/uploader.go:71.2,72.15 2 0
git.kernel.fun/chapati.systems/covpeek/pkg/uploader/uploader.go:72.15,75.3 2 0
git.kernel.fun/chapati.systems/covpeek/pkg/uploader/uploader.go:77.2,77.34 1 0
git.kernel.fun/chapati.systems/covpeek/pkg/uploader/uploader.go:77.34,79.3 1 0
git.kernel.fun/chapati.systems/covpeek/pkg/uploader/uploader.go:81.2,81.12 1 0
git.kernel.fun/chapati.systems/covpeek/pkg/uploader/uploader.go:91.57,92.14 1 1
git.kernel.fun/chapati.systems/covpeek/pkg/uploader/uploader.go:92.14,94.3 1 0
git.kernel.fun/chapati.systems/covpeek/pkg/uploader/uploader.go:97.2,98.16 2 1
git.kernel.fun/chapati.systems/covpeek/pkg/uploader/uploader.go:98.16,100.3 1 0
git.kernel.fun/chapati.systems/covpeek/pkg/uploader/uploader.go:103.2,104.15 2 1
git.kernel.fun/chapati.systems/covpeek/pkg/uploader/uploader.go:104.15,106.3 1 0
git.kernel.fun/chapati.systems/covpeek/pkg/uploader/uploader.go:108.2,109.15 2 1
git.kernel.fun/chapati.systems/covpeek/pkg/uploader/uploader.go:109.15,112.3 2 0
git.kernel.fun/chapati.systems/covpeek/pkg/uploader/uploader.go:114.2,114.34 1 1
git.kernel.fun/chapati.systems/covpeek/pkg/uploader/uploader.go:114.34,116.3 1 1
git.kernel.fun/chapati.systems/covpeek/pkg/uploader/uploader.go:118.2,118.12 1 0
git.kernel.fun/chapati.systems/covpeek/pkg/uploader/uploader.go:121.64,127.14 4 1
git.kernel.fun/chapati.systems/covpeek/pkg/uploader/uploader.go:128.15,129.17 1 0
git.kernel.fun/chapati.systems/covpeek/pkg/uploader/uploader.go:130.16,131.20 1 0
git.kernel.fun/chapati.systems/covpeek/pkg/uploader/uploader.go:132.17,133.20 1 0
git.kernel.fun/chapati.systems/covpeek/pkg/uploader/uploader.go:134.18,135.22 1 0
git.kernel.fun/chapati.systems/covpeek/pkg/uploader/uploader.go:136.11,137.55 1 0
git.kernel.fun/chapati.systems/covpeek/pkg/uploader/uploader.go:139.15,140.17 1 1
git.kernel.fun/chapati.systems/covpeek/pkg/uploader/uploader.go:141.16,142.26 1 0
git.kernel.fun/chapati.systems/covpeek/pkg/uploader/uploader.go:143.17,144.20 1 1
git.kernel.fun/chapati.systems/covpeek/pkg/uploader/uploader.go:145.11,146.55 1 0
git.kernel.fun/chapati.systems/covpeek/pkg/uploader/uploader.go:148.10,149.54 1 0
git.kernel.fun/chapati.systems/covpeek/pkg/uploader/uploader.go:152.2,157.25 4 1
git.kernel.fun/chapati.systems/covpeek/pkg/uploader/uploader.go:157.25,159.3 1 0
git.kernel.fun/chapati.systems/covpeek/pkg/uploader/uploader.go:162.2,163.16 2 1
git.kernel.fun/chapati.systems/covpeek/pkg/uploader/uploader.go:163.16,165.3 1 0
git.kernel.fun/chapati.systems/covpeek/pkg/uploader/uploader.go:166.2,166.15 1 1
git.kernel.fun/chapati.systems/covpeek/pkg/uploader/uploader.go:166.15,166.40 1 1
git.kernel.fun/chapati.systems/covpeek/pkg/uploader/uploader.go:168.2,168.28 1 1
git.kernel.fun/chapati.systems/covpeek/pkg/uploader/uploader.go:168.28,170.3 1 0
git.kernel.fun/chapati.systems/covpeek/pkg/uploader/uploader.go:172.2,173.16 2 1
git.kernel.fun/chapati.systems/covpeek/pkg/uploader/uploader.go:173.16,175.3 1 0
git.kernel.fun/chapati.systems/covpeek/pkg/uploader/uploader.go:176.2,176.15 1 1
git.kernel.fun/chapati.systems/covpeek/pkg/uploader/uploader.go:176.15,176.34 1 1
git.kernel.fun/chapati.systems/covpeek/pkg/uploader/uploader.go:178.2,179.16 2 1
git.kernel.fun/chapati.systems/covpeek/pkg/uploader/uploader.go:179.16,181.3 1 0
git.kernel.fun/chapati.systems/covpeek/pkg/uploader/uploader.go:184.2,184.25 1 1
git.kernel.fun/chapati.systems/covpeek/pkg/uploader/uploader.go:184.25,185.49 1 1
git.kernel.fun/chapati.systems/covpeek/pkg/uploader/uploader.go:185.49,187.4 1 0
git.kernel.fun/chapati.systems/covpeek/pkg/uploader/uploader.go:190.2,190.21 1 1
git.kernel.fun/chapati.systems/covpeek/main.go:6.14,7.2 0 0
git.kernel.fun/chapati.systems/covpeek/cmd/covpeek/badge.go:28.13,35.2 5 1
git.kernel.fun/chapati.systems/covpeek/cmd/covpeek/badge.go:37.56,39.84 1 1
git.kernel.fun/chapati.systems/covpeek/cmd/covpeek/badge.go:39.84,41.3 1 1
git.kernel.fun/chapati.systems/covpeek/cmd/covpeek/badge.go:44.2,45.21 2 1
git.kernel.fun/chapati.systems/covpeek/cmd/covpeek/badge.go:45.21,47.17 2 1
git.kernel.fun/chapati.systems/covpeek/cmd/covpeek/badge.go:47.17,49.4 1 0
git.kernel.fun/chapati.systems/covpeek/cmd/covpeek/badge.go:50.3,50.36 1 1
git.kernel.fun/chapati.systems/covpeek/cmd/covpeek/badge.go:51.8,53.30 2 1
git.kernel.fun/chapati.systems/covpeek/cmd/covpeek/badge.go:53.30,55.4 1 0
git.kernel.fun/chapati.systems/covpeek/cmd/covpeek/badge.go:56.3,56.38 1 1
git.kernel.fun/chapati.systems/covpeek/cmd/covpeek/badge.go:56.38,58.18 2 1
git.kernel.fun/chapati.systems/covpeek/cmd/covpeek/badge.go:58.18,60.13 2 0
git.kernel.fun/chapati.systems/covpeek/cmd/covpeek/badge.go:62.4,62.37 1 1
git.kernel.fun/chapati.systems/covpeek/cmd/covpeek/badge.go:64.3,64.24 1 1
git.kernel.fun/chapati.systems/covpeek/cmd/covpeek/badge.go:64.24,66.4 1 0
git.kernel.fun/chapati.systems/covpeek/cmd/covpeek/badge.go:70.2,81.16 6 1
git.kernel.fun/chapati.systems/covpeek/cmd/covpeek/badge.go:81.16,83.3 1 0
git.kernel.fun/chapati.systems/covpeek/cmd/covpeek/badge.go:85.2,86.12 2 1
git.kernel.fun/chapati.systems/covpeek/cmd/covpeek/badge.go:89.46,90.9 1 1
git.kernel.fun/chapati.systems/covpeek/cmd/covpeek/badge.go:91.17,92.16 1 1
git.kernel.fun/chapati.systems/covpeek/cmd/covpeek/badge.go:93.17,94.19 1 1
git.kernel.fun/chapati.systems/covpeek/cmd/covpeek/badge.go:95.17,96.19 1 1
git.kernel.fun/chapati.systems/covpeek/cmd/covpeek/badge.go:97.17,98.19 1 1
git.kernel.fun/chapati.systems/covpeek/cmd/covpeek/badge.go:99.10,100.19 1 1
git.kernel.fun/chapati.systems/covpeek/cmd/covpeek/badge.go:104.65,112.15 7 1
git.kernel.fun/chapati.systems/covpeek/cmd/covpeek/badge.go:113.21,114.11 1 1
git.kernel.fun/chapati.systems/covpeek/cmd/covpeek/badge.go:115.17,123.97 3 1
git.kernel.fun/chapati.systems/covpeek/cmd/covpeek/badge.go:126.2,139.12 2 1
git.kernel.fun/chapati.systems/covpeek/cmd/covpeek/ci.go:26.13,28.54 2 1
git.kernel.fun/chapati.systems/covpeek/cmd/covpeek/ci.go:28.54,29.13 1 0
git.kernel.fun/chapati.systems/covpeek/cmd/covpeek/ci.go:33.53,34.42 1 1
git.kernel.fun/chapati.systems/covpeek/cmd/covpeek/ci.go:34.42,36.3 1 0
git.kernel.fun/chapati.systems/covpeek/cmd/covpeek/ci.go:38.2,42.37 3 1
git.kernel.fun/chapati.systems/covpeek/cmd/covpeek/ci.go:42.37,45.17 2 1
git.kernel.fun/chapati.systems/covpeek/cmd/covpeek/ci.go:45.17,47.12 2 0
git.kernel.fun/chapati.systems/covpeek/cmd/covpeek/ci.go:49.3,49.36 1 1
git.kernel.fun/chapati.systems/covpeek/cmd/covpeek/ci.go:52.2,52.23 1 1
git.kernel.fun/chapati.systems/covpeek/cmd/covpeek/ci.go:52.23,55.3 2 0
git.kernel.fun/chapati.systems/covpeek/cmd/covpeek/ci.go:58.2,64.31 3 1
git.kernel.fun/chapati.systems/covpeek/cmd/covpeek/ci.go:64.31,67.3 2 1
git.kernel.fun/chapati.systems/covpeek/cmd/covpeek/ci.go:67.8,70.3 2 1
git.kernel.fun/chapati.systems/covpeek/cmd/covpeek/ci.go:73.45,76.37 3 1
git.kernel.fun/chapati.systems/covpeek/cmd/covpeek/ci.go:76.37,77.42 1 1
git.kernel.fun/chapati.systems/covpeek/cmd/covpeek/ci.go:77.42,79.4 1 1
git.kernel.fun/chapati.systems/covpeek/cmd/covpeek/ci.go:81.2,81.22 1 1
git.kernel.fun/chapati.systems/covpeek/cmd/covpeek/ci.go:84.42,95.2 1 1
git.kernel.fun/chapati.systems/covpeek/cmd/covpeek/ci.go:97.73,99.16 2 1
git.kernel.fun/chapati.systems/covpeek/cmd/covpeek/ci.go:99.16,101.3 1 1
git.kernel.fun/chapati.systems/covpeek/cmd/covpeek/ci.go:102.2,102.15 1 1
git.kernel.fun/chapati.systems/covpeek/cmd/covpeek/ci.go:102.15,102.35 1 1
git.kernel.fun/chapati.systems/covpeek/cmd/covpeek/ci.go:104.2,105.16 2 1
git.kernel.fun/chapati.systems/covpeek/cmd/covpeek/ci.go:105.16,107.3 1 0
git.kernel.fun/chapati.systems/covpeek/cmd/covpeek/ci.go:110.2,111.38 2 1
git.kernel.fun/chapati.systems/covpeek/cmd/covpeek/ci.go:111.38,114.17 3 0
git.kernel.fun/chapati.systems/covpeek/cmd/covpeek/ci.go:114.17,116.4 1 0
git.kernel.fun/chapati.systems/covpeek/cmd/covpeek/ci.go:119.2,119.38 1 1
git.kernel.fun/chapati.systems/covpeek/cmd/covpeek/ci.go:119.38,121.3 1 0
git.kernel.fun/chapati.systems/covpeek/cmd/covpeek/ci.go:124.2,125.16 2 1
git.kernel.fun/chapati.systems/covpeek/cmd/covpeek/ci.go:126.27,128.50 2 1
git.kernel.fun/chapati.systems/covpeek/cmd/covpeek/ci.go:129.30,131.50 2 1
git.kernel.fun/chapati.systems/covpeek/cmd/covpeek/ci.go:132.33,134.50 2 0
git.kernel.fun/chapati.systems/covpeek/cmd/covpeek/ci.go:135.34,137.50 2 1
git.kernel.fun/chapati.systems/covpeek/cmd/covpeek/ci.go:138.10,139.59 1 0
git.kernel.fun/chapati.systems/covpeek/cmd/covpeek/ci.go:142.2,142.20 1 1
git.kernel.fun/chapati.systems/covpeek/cmd/covpeek/ci.go:145.76,147.33 2 1
git.kernel.fun/chapati.systems/covpeek/cmd/covpeek/ci.go:147.33,148.37 1 1
git.kernel.fun/chapati.systems/covpeek/cmd/covpeek/ci.go:148.37,150.66 1 1
git.kernel.fun/chapati.systems/covpeek/cmd/covpeek/ci.go:150.66,155.5 3 1
git.kernel.fun/chapati.systems/covpeek/cmd/covpeek/ci.go:155.10,157.5 1 1
git.kernel.fun/chapati.systems/covpeek/cmd/covpeek/ci.go:160.2,160.15 1 1
git.kernel.fun/chapati.systems/covpeek/cmd/covpeek/diff.go:30.13,36.2 5 1
git.kernel.fun/chapati.systems/covpeek/cmd/covpeek/diff.go:38.55,40.99 1 1
git.kernel.fun/chapati.systems/covpeek/cmd/covpeek/diff.go:40.99,42.3 1 1
git.kernel.fun/chapati.systems/covpeek/cmd/covpeek/diff.go:45.2,45.20 1 1
git.kernel.fun/chapati.systems/covpeek/cmd/covpeek/diff.go:45.20,47.30 2 1
git.kernel.fun/chapati.systems/covpeek/cmd/covpeek/diff.go:47.30,49.4 1 1
git.kernel.fun/chapati.systems/covpeek/cmd/covpeek/diff.go:50.3,50.29 1 1
git.kernel.fun/chapati.systems/covpeek/cmd/covpeek/diff.go:50.29,52.4 1 1
git.kernel.fun/chapati.systems/covpeek/cmd/covpeek/diff.go:53.3,54.63 2 0
git.kernel.fun/chapati.systems/covpeek/cmd/covpeek/diff.go:58.2,59.16 2 1
git.kernel.fun/chapati.systems/covpeek/cmd/covpeek/diff.go:59.16,61.3 1 1
git.kernel.fun/chapati.systems/covpeek/cmd/covpeek/diff.go:64.2,65.16 2 0
git.kernel.fun/chapati.systems/covpeek/cmd/covpeek/diff.go:65.16,67.3 1 0
git.kernel.fun/chapati.systems/covpeek/cmd/covpeek/diff.go:70.2,71.16 2 0
git.kernel.fun/chapati.systems/covpeek/cmd/covpeek/diff.go:71.16,73.3 1 0
git.kernel.fun/chapati.systems/covpeek/cmd/covpeek/diff.go:75.2,76.16 2 0
git.kernel.fun/chapati.systems/covpeek/cmd/covpeek/diff.go:76.16,78.3 1 0
git.kernel.fun/chapati.systems/covpeek/cmd/covpeek/diff.go:81.2,86.12 3 0
git.kernel.fun/chapati.systems/covpeek/cmd/covpeek/diff.go:89.52,90.16 1 1
git.kernel.fun/chapati.systems/covpeek/cmd/covpeek/diff.go:91.17,92.119 1 1
git.kernel.fun/chapati.systems/covpeek/cmd/covpeek/diff.go:93.18,95.32 2 1
git.kernel.fun/chapati.systems/covpeek/cmd/covpeek/diff.go:95.32,97.40 2 1
git.kernel.fun/chapati.systems/covpeek/cmd/covpeek/diff.go:97.40,98.22 1 1
git.kernel.fun/chapati.systems/covpeek/cmd/covpeek/diff.go:98.22,100.6 1 1
git.kernel.fun/chapati.systems/covpeek/cmd/covpeek/diff.go:100.11,102.22 2 1
git.kernel.fun/chapati.systems/covpeek/cmd/covpeek/diff.go:102.22,104.7 1 0
git.kernel.fun/chapati.systems/covpeek/cmd/covpeek/diff.go:105.6,105.112 1 1
git.kernel.fun/chapati.systems/covpeek/cmd/covpeek/diff.go:109.14,111.32 2 1
git.kernel.fun/chapati.systems/covpeek/cmd/covpeek/diff.go:115.61,118.2 2 1
git.kernel.fun/chapati.systems/covpeek/cmd/covpeek/diff.go:120.92,123.38 2 1
git.kernel.fun/chapati.systems/covpeek/cmd/covpeek/diff.go:123.38,126.17 3 1
git.kernel.fun/chapati.systems/covpeek/cmd/covpeek/diff.go:126.17,128.4 1 0
git.kernel.fun/chapati.systems/covpeek/cmd/covpeek/diff.go:131.2,131.38 1 1
git.kernel.fun/chapati.systems/covpeek/cmd/covpeek/diff.go:131.38,133.3 1 1
git.kernel.fun/chapati.systems/covpeek/cmd/covpeek/diff.go:136.2,138.16 3 1
git.kernel.fun/chapati.systems/covpeek/cmd/covpeek/diff.go:139.27,141.50 2 1
git.kernel.fun/chapati.systems/covpeek/cmd/covpeek/diff.go:142.30,144.50 2 1
git.kernel.fun/chapati.systems/covpeek/cmd/covpeek/diff.go:145.33,147.50 2 1
git.kernel.fun/chapati.systems/covpeek/cmd/covpeek/diff.go:148.34,150.50 2 1
git.kernel.fun/chapati.systems/covpeek/cmd/covpeek/diff.go:151.10,152.59 1 0
git.kernel.fun/chapati.systems/covpeek/cmd/covpeek/diff.go:155.2,155.20 1 1
git.kernel.fun/chapati.systems/covpeek/cmd/covpeek/diff.go:174.73,183.35 6 1
git.kernel.fun/chapati.systems/covpeek/cmd/covpeek/diff.go:183.35,185.3 1 1
git.kernel.fun/chapati.systems/covpeek/cmd/covpeek/diff.go:186.2,186.35 1 1
git.kernel.fun/chapati.systems/covpeek/cmd/covpeek/diff.go:186.35,188.3 1 1
git.kernel.fun/chapati.systems/covpeek/cmd/covpeek/diff.go:190.2,190.29 1 1
git.kernel.fun/chapati.systems/covpeek/cmd/covpeek/diff.go:190.29,195.17 4 1
git.kernel.fun/chapati.systems/covpeek/cmd/covpeek/diff.go:195.17,197.4 1 1
git.kernel.fun/chapati.systems/covpeek/cmd/covpeek/diff.go:199.3,200.17 2 1
git.kernel.fun/chapati.systems/covpeek/cmd/covpeek/diff.go:200.17,202.4 1 1
git.kernel.fun/chapati.systems/covpeek/cmd/covpeek/diff.go:204.3,211.5 2 1
git.kernel.fun/chapati.systems/covpeek/cmd/covpeek/diff.go:214.2,219.3 1 1
git.kernel.fun/chapati.systems/covpeek/cmd/covpeek/filters.go:8.100,12.39 3 1
git.kernel.fun/chapati.systems/covpeek/cmd/covpeek/filters.go:12.39,13.38 1 1
git.kernel.fun/chapati.systems/covpeek/cmd/covpeek/filters.go:13.38,15.4 1 1
git.kernel.fun/chapati.systems/covpeek/cmd/covpeek/filters.go:18.2,18.17 1 1
git.kernel.fun/chapati.systems/covpeek/cmd/covpeek/main.go:3.13,5.2 1 0
git.kernel.fun/chapati.systems/covpeek/cmd/covpeek/output.go:15.55,16.27 1 1
git.kernel.fun/chapati.systems/covpeek/cmd/covpeek/output.go:16.27,18.3 1 1
git.kernel.fun/chapati.systems/covpeek/cmd/covpeek/output.go:20.2,20.28 1 1
git.kernel.fun/chapati.systems/covpeek/cmd/covpeek/output.go:20.28,23.3 2 1
git.kernel.fun/chapati.systems/covpeek/cmd/covpeek/output.go:26.2,35.38 4 1
git.kernel.fun/chapati.systems/covpeek/cmd/covpeek/output.go:35.38,37.3 1 1
git.kernel.fun/chapati.systems/covpeek/cmd/covpeek/output.go:39.2,39.42 1 1
git.kernel.fun/chapati.systems/covpeek/cmd/covpeek/output.go:39.42,41.3 1 1
git.kernel.fun/chapati.systems/covpeek/cmd/covpeek/output.go:44.2,45.15 2 1
git.kernel.fun/chapati.systems/covpeek/cmd/covpeek/output.go:45.15,46.35 1 1
git.kernel.fun/chapati.systems/covpeek/cmd/covpeek/output.go:46.35,48.4 1 0
git.kernel.fun/chapati.systems/covpeek/cmd/covpeek/output.go:52.2,52.91 1 1
git.kernel.fun/chapati.systems/covpeek/cmd/covpeek/output.go:52.91,54.3 1 0
git.kernel.fun/chapati.systems/covpeek/cmd/covpeek/output.go:55.2,55.90 1 1
git.kernel.fun/chapati.systems/covpeek/cmd/covpeek/output.go:55.90,57.3 1 0
git.kernel.fun/chapati.systems/covpeek/cmd/covpeek/output.go:60.2,60.32 1 1
git.kernel.fun/chapati.systems/covpeek/cmd/covpeek/output.go:60.32,65.39 1 1
git.kernel.fun/chapati.systems/covpeek/cmd/covpeek/output.go:65.39,67.4 1 0
git.kernel.fun/chapati.systems/covpeek/cmd/covpeek/output.go:71.2,74.27 1 1
git.kernel.fun/chapati.systems/covpeek/cmd/covpeek/output.go:74.27,76.3 1 0
git.kernel.fun/chapati.systems/covpeek/cmd/covpeek/output.go:78.2,78.12 1 1
git.kernel.fun/chapati.systems/covpeek/cmd/covpeek/output.go:82.54,86.2 3 1
git.kernel.fun/chapati.systems/covpeek/cmd/covpeek/output.go:89.53,94.101 3 1
git.kernel.fun/chapati.systems/covpeek/cmd/covpeek/output.go:94.101,96.3 1 0
git.kernel.fun/chapati.systems/covpeek/cmd/covpeek/output.go:99.2,100.37 2 1
git.kernel.fun/chapati.systems/covpeek/cmd/covpeek/output.go:100.37,102.3 1 1
git.kernel.fun/chapati.systems/covpeek/cmd/covpeek/output.go:103.2,106.37 2 1
git.kernel.fun/chapati.systems/covpeek/cmd/covpeek/output.go:106.37,114.43 3 1
git.kernel.fun/chapati.systems/covpeek/cmd/covpeek/output.go:114.43,116.4 1 0
git.kernel.fun/chapati.systems/covpeek/cmd/covpeek/output.go:119.2,119.12 1 1
git.kernel.fun/chapati.systems/covpeek/cmd/covpeek/parse.go:33.13,43.2 6 1
git.kernel.fun/chapati.systems/covpeek/cmd/covpeek/parse.go:46.61,48.23 1 1
git.kernel.fun/chapati.systems/covpeek/cmd/covpeek/parse.go:48.23,58.50 2 1
git.kernel.fun/chapati.systems/covpeek/cmd/covpeek/parse.go:58.50,60.4 1 1
git.kernel.fun/chapati.systems/covpeek/cmd/covpeek/parse.go:64.2,64.36 1 1
git.kernel.fun/chapati.systems/covpeek/cmd/covpeek/parse.go:64.36,66.3 1 1
git.kernel.fun/chapati.systems/covpeek/cmd/covpeek/parse.go:69.2,74.50 2 1
git.kernel.fun/chapati.systems/covpeek/cmd/covpeek/parse.go:74.50,76.3 1 1
git.kernel.fun/chapati.systems/covpeek/cmd/covpeek/parse.go:78.2,78.12 1 1
git.kernel.fun/chapati.systems/covpeek/cmd/covpeek/parse.go:81.56,83.40 1 1
git.kernel.fun/chapati.systems/covpeek/cmd/covpeek/parse.go:83.40,85.3 1 1
git.kernel.fun/chapati.systems/covpeek/cmd/covpeek/parse.go:88.2,88.49 1 1
git.kernel.fun/chapati.systems/covpeek/cmd/covpeek/parse.go:88.49,90.3 1 0
git.kernel.fun/chapati.systems/covpeek/cmd/covpeek/parse.go:93.2,93.24 1 1
git.kernel.fun/chapati.systems/covpeek/cmd/covpeek/parse.go:93.24,95.30 2 0
git.kernel.fun/chapati.systems/covpeek/cmd/covpeek/parse.go:95.30,97.4 1 0
git.kernel.fun/chapati.systems/covpeek/cmd/covpeek/parse.go:98.3,98.29 1 0
git.kernel.fun/chapati.systems/covpeek/cmd/covpeek/parse.go:98.29,100.4 1 0
git.kernel.fun/chapati.systems/covpeek/cmd/covpeek/parse.go:101.3,102.67 2 0
git.kernel.fun/chapati.systems/covpeek/cmd/covpeek/parse.go:106.2,107.16 2 1
git.kernel.fun/chapati.systems/covpeek/cmd/covpeek/parse.go:107.16,108.25 1 1
git.kernel.fun/chapati.systems/covpeek/cmd/covpeek/parse.go:108.25,110.4 1 1
git.kernel.fun/chapati.systems/covpeek/cmd/covpeek/parse.go:111.3,111.68 1 0
git.kernel.fun/chapati.systems/covpeek/cmd/covpeek/parse.go:114.2,114.22 1 1
git.kernel.fun/chapati.systems/covpeek/cmd/covpeek/parse.go:114.22,116.3 1 1
git.kernel.fun/chapati.systems/covpeek/cmd/covpeek/parse.go:119.2,120.16 2 1
git.kernel.fun/chapati.systems/covpeek/cmd/covpeek/parse.go:120.16,122.3 1 0
git.kernel.fun/chapati.systems/covpeek/cmd/covpeek/parse.go:123.2,123.15 1 1
git.kernel.fun/chapati.systems/covpeek/cmd/covpeek/parse.go:123.15,123.35 1 1
git.kernel.fun/chapati.systems/covpeek/cmd/covpeek/parse.go:126.2,127.16 2 1
git.kernel.fun/chapati.systems/covpeek/cmd/covpeek/parse.go:127.16,129.3 1 0
git.kernel.fun/chapati.systems/covpeek/cmd/covpeek/parse.go:132.2,133.23 2 1
git.kernel.fun/chapati.systems/covpeek/cmd/covpeek/parse.go:133.23,135.39 1 1
git.kernel.fun/chapati.systems/covpeek/cmd/covpeek/parse.go:136.29,137.32 1 1
git.kernel.fun/chapati.systems/covpeek/cmd/covpeek/parse.go:138.13,139.35 1 0
git.kernel.fun/chapati.systems/covpeek/cmd/covpeek/parse.go:140.26,141.38 1 0
git.kernel.fun/chapati.systems/covpeek/cmd/covpeek/parse.go:142.17,143.39 1 0
git.kernel.fun/chapati.systems/covpeek/cmd/covpeek/parse.go:144.11,145.113 1 0
git.kernel.fun/chapati.systems/covpeek/cmd/covpeek/parse.go:147.3,147.53 1 1
git.kernel.fun/chapati.systems/covpeek/cmd/covpeek/parse.go:148.8,151.39 2 1
git.kernel.fun/chapati.systems/covpeek/cmd/covpeek/parse.go:151.39,154.18 2 0
git.kernel.fun/chapati.systems/covpeek/cmd/covpeek/parse.go:154.18,156.5 1 0
git.kernel.fun/chapati.systems/covpeek/cmd/covpeek/parse.go:159.3,159.39 1 1
git.kernel.fun/chapati.systems/covpeek/cmd/covpeek/parse.go:159.39,161.4 1 0
git.kernel.fun/chapati.systems/covpeek/cmd/covpeek/parse.go:163.3,163.49 1 1
git.kernel.fun/chapati.systems/covpeek/cmd/covpeek/parse.go:167.2,168.16 2 1
git.kernel.fun/chapati.systems/covpeek/cmd/covpeek/parse.go:169.27,172.17 3 1
git.kernel.fun/chapati.systems/covpeek/cmd/covpeek/parse.go:172.17,174.4 1 0
git.kernel.fun/chapati.systems/covpeek/cmd/covpeek/parse.go:176.30,179.17 3 0
git.kernel.fun/chapati.systems/covpeek/cmd/covpeek/parse.go:179.17,181.4 1 0
git.kernel.fun/chapati.systems/covpeek/cmd/covpeek/parse.go:183.33,186.17 3 0
git.kernel.fun/chapati.systems/covpeek/cmd/covpeek/parse.go:186.17,188.4 1 0
git.kernel.fun/chapati.systems/covpeek/cmd/covpeek/parse.go:190.34,193.17 3 0
git.kernel.fun/chapati.systems/covpeek/cmd/covpeek/parse.go:193.17,195.4 1 0
git.kernel.fun/chapati.systems/covpeek/cmd/covpeek/parse.go:197.10,198.63 1 0
git.kernel.fun/chapati.systems/covpeek/cmd/covpeek/parse.go:202.2,202.18 1 1
git.kernel.fun/chapati.systems/covpeek/cmd/covpeek/parse.go:202.18,204.3 1 1
git.kernel.fun/chapati.systems/covpeek/cmd/covpeek/parse.go:207.2,207.13 1 1
git.kernel.fun/chapati.systems/covpeek/cmd/covpeek/parse.go:207.13,209.3 1 0
git.kernel.fun/chapati.systems/covpeek/cmd/covpeek/parse.go:211.2,211.39 1 1
git.kernel.fun/chapati.systems/covpeek/cmd/covpeek/parse.go:212.14,213.28 1 1
git.kernel.fun/chapati.systems/covpeek/cmd/covpeek/parse.go:214.13,215.27 1 1
git.kernel.fun/chapati.systems/covpeek/cmd/covpeek/parse.go:216.15,217.29 1 1
git.kernel.fun/chapati.systems/covpeek/cmd/covpeek/parse.go:218.10,219.29 1 0
git.kernel.fun/chapati.systems/covpeek/cmd/covpeek/parse.go:224.53,230.35 3 0
git.kernel.fun/chapati.systems/covpeek/cmd/covpeek/parse.go:230.35,232.3 1 0
git.kernel.fun/chapati.systems/covpeek/cmd/covpeek/parse.go:234.2,234.12 1 0
git.kernel.fun/chapati.systems/covpeek/cmd/covpeek/root.go:41.16,42.42 1 0
git.kernel.fun/chapati.systems/covpeek/cmd/covpeek/root.go:42.42,45.3 2 0
git.kernel.fun/chapati.systems/covpeek/cmd/covpeek/root.go:48.13,55.2 3 1
git.kernel.fun/chapati.systems/covpeek/cmd/covpeek/tui.go:24.62,35.38 3 1
git.kernel.fun/chapati.systems/covpeek/cmd/covpeek/tui.go:35.38,42.3 1 1
git.kernel.fun/chapati.systems/covpeek/cmd/covpeek/tui.go:45.2,45.39 1 1
git.kernel.fun/chapati.systems/covpeek/cmd/covpeek/tui.go:45.39,49.3 3 1
git.kernel.fun/chapati.systems/covpeek/cmd/covpeek/tui.go:52.2,79.3 7 1
git.kernel.fun/chapati.systems/covpeek/cmd/covpeek/tui.go:83.36,85.2 1 1
git.kernel.fun/chapati.systems/covpeek/cmd/covpeek/tui.go:88.62,91.27 2 1
git.kernel.fun/chapati.systems/covpeek/cmd/covpeek/tui.go:92.25,96.16 3 1
git.kernel.fun/chapati.systems/covpeek/cmd/covpeek/tui.go:97.20,99.78 1 1
git.kernel.fun/chapati.systems/covpeek/cmd/covpeek/tui.go:99.78,101.18 1 1
git.kernel.fun/chapati.systems/covpeek/cmd/covpeek/tui.go:101.18,105.37 3 1
git.kernel.fun/chapati.systems/covpeek/cmd/covpeek/tui.go:105.37,106.39 1 1
git.kernel.fun/chapati.systems/covpeek/cmd/covpeek/tui.go:106.39,108.12 2 1
git.kernel.fun/chapati.systems/covpeek/cmd/covpeek/tui.go:110.6,110.20 1 0
git.kernel.fun/chapati.systems/covpeek/cmd/covpeek/tui.go:114.18,115.23 1 1
git.kernel.fun/chapati.systems/covpeek/cmd/covpeek/tui.go:116.14,117.25 1 0
git.kernel.fun/chapati.systems/covpeek/cmd/covpeek/tui.go:117.25,119.5 1 0
git.kernel.fun/chapati.systems/covpeek/cmd/covpeek/tui.go:119.10,121.5 1 0
git.kernel.fun/chapati.systems/covpeek/cmd/covpeek/tui.go:122.22,123.22 1 1
git.kernel.fun/chapati.systems/covpeek/cmd/covpeek/tui.go:124.16,125.22 1 1
git.kernel.fun/chapati.systems/covpeek/cmd/covpeek/tui.go:127.12,129.17 1 1
git.kernel.fun/chapati.systems/covpeek/cmd/covpeek/tui.go:130.12,131.21 1 1
git.kernel.fun/chapati.systems/covpeek/cmd/covpeek/tui.go:132.12,133.21 1 1
git.kernel.fun/chapati.systems/covpeek/cmd/covpeek/tui.go:134.12,135.21 1 1
git.kernel.fun/chapati.systems/covpeek/cmd/covpeek/tui.go:136.12,137.21 1 1
git.kernel.fun/chapati.systems/covpeek/cmd/covpeek/tui.go:138.12,140.29 2 1
git.kernel.fun/chapati.systems/covpeek/cmd/covpeek/tui.go:144.2,145.15 2 1
git.kernel.fun/chapati.systems/covpeek/cmd/covpeek/tui.go:149.44,153.39 3 1
git.kernel.fun/chapati.systems/covpeek/cmd/covpeek/tui.go:153.39,155.25 2 1
git.kernel.fun/chapati.systems/covpeek/cmd/covpeek/tui.go:155.25,157.4 1 1
git.kernel.fun/chapati.systems/covpeek/cmd/covpeek/tui.go:158.3,158.25 1 1
git.kernel.fun/chapati.systems/covpeek/cmd/covpeek/tui.go:158.25,160.4 1 1
git.kernel.fun/chapati.systems/covpeek/cmd/covpeek/tui.go:163.3,163.39 1 1
git.kernel.fun/chapati.systems/covpeek/cmd/covpeek/tui.go:163.39,166.17 3 1
git.kernel.fun/chapati.systems/covpeek/cmd/covpeek/tui.go:166.17,168.5 1 0
git.kernel.fun/chapati.systems/covpeek/cmd/covpeek/tui.go:169.4,169.22 1 1
git.kernel.fun/chapati.systems/covpeek/cmd/covpeek/tui.go:173.3,173.16 1 1
git.kernel.fun/chapati.systems/covpeek/cmd/covpeek/tui.go:173.16,175.4 1 0
git.kernel.fun/chapati.systems/covpeek/cmd/covpeek/tui.go:176.3,176.15 1 1
git.kernel.fun/chapati.systems/covpeek/cmd/covpeek/tui.go:179.2,179.23 1 1
git.kernel.fun/chapati.systems/covpeek/cmd/covpeek/tui.go:183.35,195.15 5 1
git.kernel.fun/chapati.systems/covpeek/cmd/covpeek/tui.go:195.15,197.3 1 0
git.kernel.fun/chapati.systems/covpeek/cmd/covpeek/tui.go:199.2,208.19 4 1
git.kernel.fun/chapati.systems/covpeek/cmd/covpeek/upload.go:35.13,44.57 9 1
git.kernel.fun/chapati.systems/covpeek/cmd/covpeek/upload.go:44.57,45.13 1 0
git.kernel.fun/chapati.systems/covpeek/cmd/covpeek/upload.go:48.2,48.31 1 1
git.kernel.fun/chapati.systems/covpeek/cmd/covpeek/upload.go:51.57,53.54 1 1
git.kernel.fun/chapati.systems/covpeek/cmd/covpeek/upload.go:53.54,55.3 1 1
git.kernel.fun/chapati.systems/covpeek/cmd/covpeek/upload.go:58.2,58.22 1 1
git.kernel.fun/chapati.systems/covpeek/cmd/covpeek/upload.go:58.22,60.30 2 1
git.kernel.fun/chapati.systems/covpeek/cmd/covpeek/upload.go:60.30,62.4 1 0
git.kernel.fun/chapati.systems/covpeek/cmd/covpeek/upload.go:63.3,63.29 1 1
git.kernel.fun/chapati.systems/covpeek/cmd/covpeek/upload.go:63.29,65.4 1 1
git.kernel.fun/chapati.systems/covpeek/cmd/covpeek/upload.go:66.3,67.13 2 0
git.kernel.fun/chapati.systems/covpeek/cmd/covpeek/upload.go:67.13,69.4 1 0
git.kernel.fun/chapati.systems/covpeek/cmd/covpeek/upload.go:73.2,73.55 1 1
git.kernel.fun/chapati.systems/covpeek/cmd/covpeek/upload.go:73.55,75.3 1 1
git.kernel.fun/chapati.systems/covpeek/cmd/covpeek/upload.go:78.2,78.49 1 1
git.kernel.fun/chapati.systems/covpeek/cmd/covpeek/upload.go:78.49,80.3 1 0
git.kernel.fun/chapati.systems/covpeek/cmd/covpeek/upload.go:81.2,81.46 1 1
git.kernel.fun/chapati.systems/covpeek/cmd/covpeek/upload.go:81.46,83.3 1 1
git.kernel.fun/chapati.systems/covpeek/cmd/covpeek/upload.go:86.2,86.29 1 1
git.kernel.fun/chapati.systems/covpeek/cmd/covpeek/upload.go:86.29,87.23 1 1
git.kernel.fun/chapati.systems/covpeek/cmd/covpeek/upload.go:87.23,89.4 1 1
git.kernel.fun/chapati.systems/covpeek/cmd/covpeek/upload.go:90.3,90.23 1 0
git.kernel.fun/chapati.systems/covpeek/cmd/covpeek/upload.go:90.23,92.4 1 0
git.kernel.fun/chapati.systems/covpeek/cmd/covpeek/upload.go:94.2,94.27 1 1
git.kernel.fun/chapati.systems/covpeek/cmd/covpeek/upload.go:94.27,95.22 1 1
git.kernel.fun/chapati.systems/covpeek/cmd/covpeek/upload.go:95.22,97.4 1 1
git.kernel.fun/chapati.systems/covpeek/cmd/covpeek/upload.go:101.2,103.29 3 0
git.kernel.fun/chapati.systems/covpeek/cmd/covpeek/upload.go:103.29,105.3 1 0
git.kernel.fun/chapati.systems/covpeek/cmd/covpeek/upload.go:105.8,107.3 1 0
git.kernel.fun/chapati.systems/covpeek/cmd/covpeek/upload.go:108.2,108.16 1 0
git.kernel.fun/chapati.systems/covpeek/cmd/covpeek/upload.go:108.16,110.3 1 0
git.kernel.fun/chapati.systems/covpeek/cmd/covpeek/upload.go:113.2,113.45 1 0
git.kernel.fun/chapati.systems/covpeek/cmd/covpeek/upload.go:113.45,115.3 1 0
git.kernel.fun/chapati.systems/covpeek/cmd/covpeek/upload.go:117.2,117.12 1 0
git.kernel.fun/chapati.systems/covpeek/cmd/covpeek/upload.go:117.12,119.3 1 0
git.kernel.fun/chapati.systems/covpeek/cmd/covpeek/upload.go:121.2,121.12 1 0
